# JRE version: Java(TM) SE Runtime Environment (23.0.1+11) (build 23.0.1+11-39)
# Java VM: Java HotSpot(TM) 64-Bit Server VM (23.0.1+11-39, mixed mode, sharing, tiered, compressed oops, compressed class ptrs, g1 gc, windows-amd64)
GC Precious Log:
 CardTable entry size: 512
 Card Set container configuration: InlinePtr #cards 5 size 8 Array Of Cards #cards 10 size 36 Howl #buckets 4 coarsen threshold 1843 Howl Bitmap #cards 512 size 80 coarsen threshold 460 Card regions per heap region 1 cards per card region 2048
 CPUs: 2 total, 2 available
 Memory: 3470M
 Large Page Support: Disabled
 NUMA Support: Disabled
 Compressed Oops: Enabled (32-bit)
 Heap Region Size: 1M
 Heap Min Capacity: 8M
 Heap Initial Capacity: 56M
 Heap Max Capacity: 868M
 Pre-touch: Disabled
 Parallel Workers: 2
 Concurrent Workers: 1
 Concurrent Refinement Workers: 2
 Periodic GC: Disabled
Heap:
 garbage-first heap   total reserved 888832K, committed 90112K, used 64940K [0x00000000c9c00000, 0x0000000100000000)
  region size 1024K, 17 young (17408K), 2 survivors (2048K)
 Metaspace       used 80636K, committed 81280K, reserved 1179648K
  class space    used 11148K, committed 11456K, reserved 1048576K
GC Heap History (20 events):
Event: 16.825 GC heap before
{Heap before GC invocations=23 (full 0):
 garbage-first heap   total reserved 888832K, committed 46080K, used 38351K [0x00000000c9c00000, 0x0000000100000000)
  region size 1024K, 14 young (14336K), 2 survivors (2048K)
 Metaspace       used 60386K, committed 61056K, reserved 1114112K
  class space    used 8193K, committed 8512K, reserved 1048576K
}
Event: 16.830 GC heap after
{Heap after GC invocations=24 (full 0):
 garbage-first heap   total reserved 888832K, committed 55296K, used 27376K [0x00000000c9c00000, 0x0000000100000000)
  region size 1024K, 1 young (1024K), 1 survivors (1024K)
 Metaspace       used 60386K, committed 61056K, reserved 1114112K
  class space    used 8193K, committed 8512K, reserved 1048576K
}
Event: 17.958 GC heap before
{Heap before GC invocations=24 (full 0):
 garbage-first heap   total reserved 888832K, committed 55296K, used 49904K [0x00000000c9c00000, 0x0000000100000000)
  region size 1024K, 23 young (23552K), 1 survivors (1024K)
 Metaspace       used 65069K, committed 65600K, reserved 1114112K
  class space    used 8835K, committed 9088K, reserved 1048576K
}
Event: 17.965 GC heap after
{Heap after GC invocations=25 (full 0):
 garbage-first heap   total reserved 888832K, committed 55296K, used 29560K [0x00000000c9c00000, 0x0000000100000000)
  region size 1024K, 3 young (3072K), 3 survivors (3072K)
 Metaspace       used 65069K, committed 65600K, reserved 1114112K
  class space    used 8835K, committed 9088K, reserved 1048576K
}
Event: 19.848 GC heap before
{Heap before GC invocations=25 (full 0):
 garbage-first heap   total reserved 888832K, committed 55296K, used 47992K [0x00000000c9c00000, 0x0000000100000000)
  region size 1024K, 21 young (21504K), 3 survivors (3072K)
 Metaspace       used 67100K, committed 67712K, reserved 1114112K
  class space    used 9148K, committed 9408K, reserved 1048576K
}
Event: 19.858 GC heap after
{Heap after GC invocations=26 (full 0):
 garbage-first heap   total reserved 888832K, committed 55296K, used 31433K [0x00000000c9c00000, 0x0000000100000000)
  region size 1024K, 2 young (2048K), 2 survivors (2048K)
 Metaspace       used 67100K, committed 67712K, reserved 1114112K
  class space    used 9148K, committed 9408K, reserved 1048576K
}
Event: 21.050 GC heap before
{Heap before GC invocations=26 (full 0):
 garbage-first heap   total reserved 888832K, committed 55296K, used 48841K [0x00000000c9c00000, 0x0000000100000000)
  region size 1024K, 19 young (19456K), 2 survivors (2048K)
 Metaspace       used 69447K, committed 70016K, reserved 1114112K
  class space    used 9529K, committed 9792K, reserved 1048576K
}
Event: 21.064 GC heap after
{Heap after GC invocations=27 (full 0):
 garbage-first heap   total reserved 888832K, committed 55296K, used 33684K [0x00000000c9c00000, 0x0000000100000000)
  region size 1024K, 2 young (2048K), 2 survivors (2048K)
 Metaspace       used 69447K, committed 70016K, reserved 1114112K
  class space    used 9529K, committed 9792K, reserved 1048576K
}
Event: 22.439 GC heap before
{Heap before GC invocations=28 (full 0):
 garbage-first heap   total reserved 888832K, committed 56320K, used 49044K [0x00000000c9c00000, 0x0000000100000000)
  region size 1024K, 17 young (17408K), 2 survivors (2048K)
 Metaspace       used 70924K, committed 71616K, reserved 1114112K
  class space    used 9823K, committed 10112K, reserved 1048576K
}
Event: 22.459 GC heap after
{Heap after GC invocations=29 (full 0):
 garbage-first heap   total reserved 888832K, committed 56320K, used 35377K [0x00000000c9c00000, 0x0000000100000000)
  region size 1024K, 2 young (2048K), 2 survivors (2048K)
 Metaspace       used 70924K, committed 71616K, reserved 1114112K
  class space    used 9823K, committed 10112K, reserved 1048576K
}
Event: 23.471 GC heap before
{Heap before GC invocations=29 (full 0):
 garbage-first heap   total reserved 888832K, committed 56320K, used 49713K [0x00000000c9c00000, 0x0000000100000000)
  region size 1024K, 16 young (16384K), 2 survivors (2048K)
 Metaspace       used 72536K, committed 73280K, reserved 1114112K
  class space    used 10045K, committed 10368K, reserved 1048576K
}
Event: 23.489 GC heap after
{Heap after GC invocations=30 (full 0):
 garbage-first heap   total reserved 888832K, committed 56320K, used 36997K [0x00000000c9c00000, 0x0000000100000000)
  region size 1024K, 2 young (2048K), 2 survivors (2048K)
 Metaspace       used 72536K, committed 73280K, reserved 1114112K
  class space    used 10045K, committed 10368K, reserved 1048576K
}
Event: 666.915 GC heap before
{Heap before GC invocations=30 (full 0):
 garbage-first heap   total reserved 888832K, committed 56320K, used 49285K [0x00000000c9c00000, 0x0000000100000000)
  region size 1024K, 14 young (14336K), 2 survivors (2048K)
 Metaspace       used 75214K, committed 75968K, reserved 1179648K
  class space    used 10412K, committed 10752K, reserved 1048576K
}
Event: 667.070 GC heap after
{Heap after GC invocations=31 (full 0):
 garbage-first heap   total reserved 888832K, committed 56320K, used 38668K [0x00000000c9c00000, 0x0000000100000000)
  region size 1024K, 2 young (2048K), 2 survivors (2048K)
 Metaspace       used 75214K, committed 75968K, reserved 1179648K
  class space    used 10412K, committed 10752K, reserved 1048576K
}
Event: 669.149 GC heap before
{Heap before GC invocations=32 (full 0):
 garbage-first heap   total reserved 888832K, committed 66560K, used 64268K [0x00000000c9c00000, 0x0000000100000000)
  region size 1024K, 12 young (12288K), 2 survivors (2048K)
 Metaspace       used 78070K, committed 78848K, reserved 1179648K
  class space    used 10834K, committed 11200K, reserved 1048576K
}
Event: 669.157 GC heap after
{Heap after GC invocations=33 (full 0):
 garbage-first heap   total reserved 888832K, committed 82944K, used 47838K [0x00000000c9c00000, 0x0000000100000000)
  region size 1024K, 1 young (1024K), 1 survivors (1024K)
 Metaspace       used 78070K, committed 78848K, reserved 1179648K
  class space    used 10834K, committed 11200K, reserved 1048576K
}
Event: 1347.867 GC heap before
{Heap before GC invocations=33 (full 0):
 garbage-first heap   total reserved 888832K, committed 87040K, used 85726K [0x00000000c9c00000, 0x0000000100000000)
  region size 1024K, 13 young (13312K), 1 survivors (1024K)
 Metaspace       used 79626K, committed 80448K, reserved 1179648K
  class space    used 11063K, committed 11456K, reserved 1048576K
}
Event: 1348.036 GC heap after
{Heap after GC invocations=34 (full 0):
 garbage-first heap   total reserved 888832K, committed 90112K, used 48004K [0x00000000c9c00000, 0x0000000100000000)
  region size 1024K, 2 young (2048K), 2 survivors (2048K)
 Metaspace       used 79626K, committed 80448K, reserved 1179648K
  class space    used 11063K, committed 11456K, reserved 1048576K
}
Event: 1352.435 GC heap before
{Heap before GC invocations=34 (full 0):
 garbage-first heap   total reserved 888832K, committed 90112K, used 48004K [0x00000000c9c00000, 0x0000000100000000)
  region size 1024K, 3 young (3072K), 2 survivors (2048K)
 Metaspace       used 79677K, committed 80512K, reserved 1179648K
  class space    used 11063K, committed 11456K, reserved 1048576K
}
Event: 1352.470 GC heap after
{Heap after GC invocations=35 (full 0):
 garbage-first heap   total reserved 888832K, committed 90112K, used 39340K [0x00000000c9c00000, 0x0000000100000000)
  region size 1024K, 2 young (2048K), 2 survivors (2048K)
 Metaspace       used 79677K, committed 80512K, reserved 1179648K
  class space    used 11063K, committed 11456K, reserved 1048576K
}

