# JRE version: Java(TM) SE Runtime Environment (23.0.1+11) (build 23.0.1+11-39)
# Java VM: Java HotSpot(TM) 64-Bit Server VM (23.0.1+11-39, mixed mode, sharing, tiered, compressed oops, compressed class ptrs, g1 gc, windows-amd64)
GC Precious Log:
 CardTable entry size: 512
 Card Set container configuration: InlinePtr #cards 5 size 8 Array Of Cards #cards 10 size 36 Howl #buckets 4 coarsen threshold 1843 Howl Bitmap #cards 512 size 80 coarsen threshold 460 Card regions per heap region 1 cards per card region 2048
 CPUs: 2 total, 2 available
 Memory: 3470M
 Large Page Support: Disabled
 NUMA Support: Disabled
 Compressed Oops: Enabled (32-bit)
 Heap Region Size: 1M
 Heap Min Capacity: 8M
 Heap Initial Capacity: 56M
 Heap Max Capacity: 868M
 Pre-touch: Disabled
 Parallel Workers: 2
 Concurrent Workers: 1
 Concurrent Refinement Workers: 2
 Periodic GC: Disabled
Heap:
 garbage-first heap   total reserved 888832K, committed 58368K, used 40948K [0x00000000c9c00000, 0x0000000100000000)
  region size 1024K, 9 young (9216K), 2 survivors (2048K)
 Metaspace       used 72867K, committed 73536K, reserved 1114112K
  class space    used 10200K, committed 10496K, reserved 1048576K
GC Heap History (20 events):
Event: 16.655 GC heap before
{Heap before GC invocations=17 (full 0):
 garbage-first heap   total reserved 888832K, committed 45056K, used 39267K [0x00000000c9c00000, 0x0000000100000000)
  region size 1024K, 15 young (15360K), 2 survivors (2048K)
 Metaspace       used 48653K, committed 49152K, reserved 1114112K
  class space    used 6375K, committed 6592K, reserved 1048576K
}
Event: 16.659 GC heap after
{Heap after GC invocations=18 (full 0):
 garbage-first heap   total reserved 888832K, committed 45056K, used 26677K [0x00000000c9c00000, 0x0000000100000000)
  region size 1024K, 1 young (1024K), 1 survivors (1024K)
 Metaspace       used 48653K, committed 49152K, reserved 1114112K
  class space    used 6375K, committed 6592K, reserved 1048576K
}
Event: 17.610 GC heap before
{Heap before GC invocations=18 (full 0):
 garbage-first heap   total reserved 888832K, committed 45056K, used 38965K [0x00000000c9c00000, 0x0000000100000000)
  region size 1024K, 14 young (14336K), 1 survivors (1024K)
 Metaspace       used 51741K, committed 52224K, reserved 1114112K
  class space    used 6809K, committed 7040K, reserved 1048576K
}
Event: 17.615 GC heap after
{Heap after GC invocations=19 (full 0):
 garbage-first heap   total reserved 888832K, committed 45056K, used 27435K [0x00000000c9c00000, 0x0000000100000000)
  region size 1024K, 2 young (2048K), 2 survivors (2048K)
 Metaspace       used 51741K, committed 52224K, reserved 1114112K
  class space    used 6809K, committed 7040K, reserved 1048576K
}
Event: 18.083 GC heap before
{Heap before GC invocations=19 (full 0):
 garbage-first heap   total reserved 888832K, committed 45056K, used 38699K [0x00000000c9c00000, 0x0000000100000000)
  region size 1024K, 14 young (14336K), 2 survivors (2048K)
 Metaspace       used 56738K, committed 57280K, reserved 1114112K
  class space    used 7520K, committed 7744K, reserved 1048576K
}
Event: 18.088 GC heap after
{Heap after GC invocations=20 (full 0):
 garbage-first heap   total reserved 888832K, committed 45056K, used 27599K [0x00000000c9c00000, 0x0000000100000000)
  region size 1024K, 2 young (2048K), 2 survivors (2048K)
 Metaspace       used 56738K, committed 57280K, reserved 1114112K
  class space    used 7520K, committed 7744K, reserved 1048576K
}
Event: 18.641 GC heap before
{Heap before GC invocations=21 (full 0):
 garbage-first heap   total reserved 888832K, committed 48128K, used 38863K [0x00000000c9c00000, 0x0000000100000000)
  region size 1024K, 13 young (13312K), 2 survivors (2048K)
 Metaspace       used 58968K, committed 59520K, reserved 1114112K
  class space    used 7996K, committed 8256K, reserved 1048576K
}
Event: 18.645 GC heap after
{Heap after GC invocations=22 (full 0):
 garbage-first heap   total reserved 888832K, committed 48128K, used 28016K [0x00000000c9c00000, 0x0000000100000000)
  region size 1024K, 1 young (1024K), 1 survivors (1024K)
 Metaspace       used 58968K, committed 59520K, reserved 1114112K
  class space    used 7996K, committed 8256K, reserved 1048576K
}
Event: 19.753 GC heap before
{Heap before GC invocations=22 (full 0):
 garbage-first heap   total reserved 888832K, committed 48128K, used 43376K [0x00000000c9c00000, 0x0000000100000000)
  region size 1024K, 16 young (16384K), 1 survivors (1024K)
 Metaspace       used 61973K, committed 62592K, reserved 1114112K
  class space    used 8407K, committed 8704K, reserved 1048576K
}
Event: 19.760 GC heap after
{Heap after GC invocations=23 (full 0):
 garbage-first heap   total reserved 888832K, committed 48128K, used 28813K [0x00000000c9c00000, 0x0000000100000000)
  region size 1024K, 2 young (2048K), 2 survivors (2048K)
 Metaspace       used 61973K, committed 62592K, reserved 1114112K
  class space    used 8407K, committed 8704K, reserved 1048576K
}
Event: 21.314 GC heap before
{Heap before GC invocations=23 (full 0):
 garbage-first heap   total reserved 888832K, committed 48128K, used 41101K [0x00000000c9c00000, 0x0000000100000000)
  region size 1024K, 15 young (15360K), 2 survivors (2048K)
 Metaspace       used 65169K, committed 65792K, reserved 1114112K
  class space    used 8861K, committed 9152K, reserved 1048576K
}
Event: 21.321 GC heap after
{Heap after GC invocations=24 (full 0):
 garbage-first heap   total reserved 888832K, committed 48128K, used 30345K [0x00000000c9c00000, 0x0000000100000000)
  region size 1024K, 2 young (2048K), 2 survivors (2048K)
 Metaspace       used 65169K, committed 65792K, reserved 1114112K
  class space    used 8861K, committed 9152K, reserved 1048576K
}
Event: 22.443 GC heap before
{Heap before GC invocations=25 (full 0):
 garbage-first heap   total reserved 888832K, committed 53248K, used 40585K [0x00000000c9c00000, 0x0000000100000000)
  region size 1024K, 12 young (12288K), 2 survivors (2048K)
 Metaspace       used 67092K, committed 67712K, reserved 1114112K
  class space    used 9195K, committed 9472K, reserved 1048576K
}
Event: 22.447 GC heap after
{Heap after GC invocations=26 (full 0):
 garbage-first heap   total reserved 888832K, committed 53248K, used 31366K [0x00000000c9c00000, 0x0000000100000000)
  region size 1024K, 2 young (2048K), 2 survivors (2048K)
 Metaspace       used 67092K, committed 67712K, reserved 1114112K
  class space    used 9195K, committed 9472K, reserved 1048576K
}
Event: 23.719 GC heap before
{Heap before GC invocations=26 (full 0):
 garbage-first heap   total reserved 888832K, committed 53248K, used 44678K [0x00000000c9c00000, 0x0000000100000000)
  region size 1024K, 16 young (16384K), 2 survivors (2048K)
 Metaspace       used 69655K, committed 70272K, reserved 1114112K
  class space    used 9715K, committed 9984K, reserved 1048576K
}
Event: 23.725 GC heap after
{Heap after GC invocations=27 (full 0):
 garbage-first heap   total reserved 888832K, committed 53248K, used 32349K [0x00000000c9c00000, 0x0000000100000000)
  region size 1024K, 2 young (2048K), 2 survivors (2048K)
 Metaspace       used 69655K, committed 70272K, reserved 1114112K
  class space    used 9715K, committed 9984K, reserved 1048576K
}
Event: 25.830 GC heap before
{Heap before GC invocations=27 (full 0):
 garbage-first heap   total reserved 888832K, committed 53248K, used 45661K [0x00000000c9c00000, 0x0000000100000000)
  region size 1024K, 15 young (15360K), 2 survivors (2048K)
 Metaspace       used 70489K, committed 71104K, reserved 1114112K
  class space    used 9823K, committed 10112K, reserved 1048576K
}
Event: 25.837 GC heap after
{Heap after GC invocations=28 (full 0):
 garbage-first heap   total reserved 888832K, committed 53248K, used 33352K [0x00000000c9c00000, 0x0000000100000000)
  region size 1024K, 2 young (2048K), 2 survivors (2048K)
 Metaspace       used 70489K, committed 71104K, reserved 1114112K
  class space    used 9823K, committed 10112K, reserved 1048576K
}
Event: 31.179 GC heap before
{Heap before GC invocations=29 (full 0):
 garbage-first heap   total reserved 888832K, committed 58368K, used 45640K [0x00000000c9c00000, 0x0000000100000000)
  region size 1024K, 14 young (14336K), 2 survivors (2048K)
 Metaspace       used 71962K, committed 72640K, reserved 1114112K
  class space    used 10058K, committed 10368K, reserved 1048576K
}
Event: 31.191 GC heap after
{Heap after GC invocations=30 (full 0):
 garbage-first heap   total reserved 888832K, committed 58368K, used 34804K [0x00000000c9c00000, 0x0000000100000000)
  region size 1024K, 2 young (2048K), 2 survivors (2048K)
 Metaspace       used 71962K, committed 72640K, reserved 1114112K
  class space    used 10058K, committed 10368K, reserved 1048576K
}

